2025-09-01T15:08:09.404+09:00  INFO 6740 --- [restartedMain] c.e.health_care.HealthCareApplication    : Starting HealthCareApplication using Java 17.0.5 with PID 6740 (C:\Users\C107\Desktop\youngyangsiljo\jonullist\backend\bin\main started by C107 in C:\Users\C107\Desktop\youngyangsiljo\jonullist\backend)
2025-09-01T15:08:09.423+09:00  INFO 6740 --- [restartedMain] c.e.health_care.HealthCareApplication    : No active profile set, falling back to 1 default profile: "default"
2025-09-01T15:08:09.547+09:00  INFO 6740 --- [restartedMain] o.s.b.devtools.restart.ChangeableUrls    : The Class-Path manifest attribute in C:\Users\C107\.gradle\caches\modules-2\files-2.1\com.oracle.database.jdbc\ojdbc11\23.4.0.24.05\239c6f65f74ebdf08bf0da234815fc757a13224c\ojdbc11-23.4.0.24.05.jar referenced one or more files that do not exist: file:/C:/Users/C107/.gradle/caches/modules-2/files-2.1/com.oracle.database.jdbc/ojdbc11/23.4.0.24.05/239c6f65f74ebdf08bf0da234815fc757a13224c/oraclepki.jar
2025-09-01T15:08:09.549+09:00  INFO 6740 --- [restartedMain] .e.DevToolsPropertyDefaultsPostProcessor : Devtools property defaults active! Set 'spring.devtools.add-properties' to 'false' to disable
2025-09-01T15:08:09.550+09:00  INFO 6740 --- [restartedMain] .e.DevToolsPropertyDefaultsPostProcessor : For additional web related logging consider setting the 'logging.level.web' property to 'DEBUG'
2025-09-01T15:08:11.505+09:00  INFO 6740 --- [restartedMain] .s.d.r.c.RepositoryConfigurationDelegate : Bootstrapping Spring Data JPA repositories in DEFAULT mode.
2025-09-01T15:08:11.596+09:00  INFO 6740 --- [restartedMain] .s.d.r.c.RepositoryConfigurationDelegate : Finished Spring Data repository scanning in 74 ms. Found 1 JPA repository interface.
2025-09-01T15:08:12.595+09:00  INFO 6740 --- [restartedMain] o.s.b.w.embedded.tomcat.TomcatWebServer  : Tomcat initialized with port 8080 (http)
2025-09-01T15:08:12.618+09:00  INFO 6740 --- [restartedMain] o.apache.catalina.core.StandardService   : Starting service [Tomcat]
2025-09-01T15:08:12.619+09:00  INFO 6740 --- [restartedMain] o.apache.catalina.core.StandardEngine    : Starting Servlet engine: [Apache Tomcat/10.1.44]
2025-09-01T15:08:12.721+09:00  INFO 6740 --- [restartedMain] o.a.c.c.C.[Tomcat].[localhost].[/]       : Initializing Spring embedded WebApplicationContext
2025-09-01T15:08:12.723+09:00  INFO 6740 --- [restartedMain] w.s.c.ServletWebServerApplicationContext : Root WebApplicationContext: initialization completed in 3170 ms
2025-09-01T15:08:13.153+09:00  INFO 6740 --- [restartedMain] o.hibernate.jpa.internal.util.LogHelper  : HHH000204: Processing PersistenceUnitInfo [name: default]
2025-09-01T15:08:13.264+09:00  INFO 6740 --- [restartedMain] org.hibernate.Version                    : HHH000412: Hibernate ORM core version 6.6.26.Final
2025-09-01T15:08:13.341+09:00  INFO 6740 --- [restartedMain] o.h.c.internal.RegionFactoryInitiator    : HHH000026: Second-level cache disabled
2025-09-01T15:08:13.833+09:00  INFO 6740 --- [restartedMain] o.s.o.j.p.SpringPersistenceUnitInfo      : No LoadTimeWeaver setup: ignoring JPA class transformer
2025-09-01T15:08:13.887+09:00  INFO 6740 --- [restartedMain] com.zaxxer.hikari.HikariDataSource       : HikariPool-1 - Starting...
2025-09-01T15:08:14.489+09:00  INFO 6740 --- [restartedMain] com.zaxxer.hikari.pool.HikariPool        : HikariPool-1 - Added connection oracle.jdbc.driver.T4CConnection@7f952b1a
2025-09-01T15:08:14.491+09:00  INFO 6740 --- [restartedMain] com.zaxxer.hikari.HikariDataSource       : HikariPool-1 - Start completed.
2025-09-01T15:08:14.760+09:00  WARN 6740 --- [restartedMain] org.hibernate.dialect.Dialect            : HHH000511: The 18.0.0 version for [org.hibernate.dialect.OracleDialect] is no longer supported, hence certain features may not work properly. The minimum supported version is 19.0.0. Check the community dialects project for available legacy versions.
2025-09-01T15:08:14.975+09:00  INFO 6740 --- [restartedMain] org.hibernate.orm.connections.pooling    : HHH10001005: Database info:
	Database JDBC URL [Connecting through datasource 'HikariDataSource (HikariPool-1)']
	Database driver: undefined/unknown
	Database version: 18.0
	Autocommit mode: undefined/unknown
	Isolation level: undefined/unknown
	Minimum pool size: undefined/unknown
	Maximum pool size: undefined/unknown
2025-09-01T15:08:16.164+09:00  INFO 6740 --- [restartedMain] o.h.e.t.j.p.i.JtaPlatformInitiator       : HHH000489: No JTA platform available (set 'hibernate.transaction.jta.platform' to enable JTA platform integration)
2025-09-01T15:08:17.163+09:00  INFO 6740 --- [restartedMain] j.LocalContainerEntityManagerFactoryBean : Initialized JPA EntityManagerFactory for persistence unit 'default'
2025-09-01T15:08:17.687+09:00  WARN 6740 --- [restartedMain] .s.s.UserDetailsServiceAutoConfiguration : 

Using generated security password: 01a8cbca-a34a-4129-a28a-da4b765dcbe5

This generated password is for development use only. Your security configuration must be updated before running your application in production.

2025-09-01T15:08:17.702+09:00  INFO 6740 --- [restartedMain] r$InitializeUserDetailsManagerConfigurer : Global AuthenticationManager configured with UserDetailsService bean with name inMemoryUserDetailsManager
2025-09-01T15:08:17.930+09:00 DEBUG 6740 --- [restartedMain] s.w.s.m.m.a.RequestMappingHandlerMapping : 8 mappings in 'requestMappingHandlerMapping'
2025-09-01T15:08:18.051+09:00 DEBUG 6740 --- [restartedMain] o.s.w.s.handler.SimpleUrlHandlerMapping  : Patterns [/webjars/**, /**, /swagger-ui/swagger-ui*/*swagger-initializer.js, /swagger-ui/swagger-ui*/**] in 'resourceHandlerMapping'
2025-09-01T15:08:18.117+09:00 DEBUG 6740 --- [restartedMain] o.s.s.web.DefaultSecurityFilterChain     : Will secure any request with filters: DisableEncodeUrlFilter, WebAsyncManagerIntegrationFilter, SecurityContextHolderFilter, HeaderWriterFilter, CorsFilter, LogoutFilter, RequestCacheAwareFilter, SecurityContextHolderAwareRequestFilter, AnonymousAuthenticationFilter, ExceptionTranslationFilter, AuthorizationFilter
2025-09-01T15:08:18.258+09:00 DEBUG 6740 --- [restartedMain] s.w.s.m.m.a.RequestMappingHandlerAdapter : ControllerAdvice beans: 0 @ModelAttribute, 0 @InitBinder, 1 RequestBodyAdvice, 1 ResponseBodyAdvice
2025-09-01T15:08:18.326+09:00 DEBUG 6740 --- [restartedMain] .m.m.a.ExceptionHandlerExceptionResolver : ControllerAdvice beans: 1 @ExceptionHandler, 1 ResponseBodyAdvice
2025-09-01T15:08:18.619+09:00  INFO 6740 --- [restartedMain] o.s.b.d.a.OptionalLiveReloadServer       : LiveReload server is running on port 35729
2025-09-01T15:08:18.712+09:00  INFO 6740 --- [restartedMain] o.s.b.w.embedded.tomcat.TomcatWebServer  : Tomcat started on port 8080 (http) with context path '/'
2025-09-01T15:08:18.725+09:00  INFO 6740 --- [restartedMain] c.e.health_care.HealthCareApplication    : Started HealthCareApplication in 10.055 seconds (process running for 11.077)
2025-09-01T15:16:54.457+09:00  INFO 6740 --- [File Watcher] rtingClassPathChangeChangedEventListener : Restarting due to 1 class path change (0 additions, 0 deletions, 1 modification)
2025-09-01T15:16:54.466+09:00  INFO 6740 --- [Thread-7] o.s.b.w.e.tomcat.GracefulShutdown        : Commencing graceful shutdown. Waiting for active requests to complete
2025-09-01T15:16:54.570+09:00  INFO 6740 --- [tomcat-shutdown] o.s.b.w.e.tomcat.GracefulShutdown        : Graceful shutdown complete
2025-09-01T15:16:54.578+09:00  INFO 6740 --- [Thread-7] j.LocalContainerEntityManagerFactoryBean : Closing JPA EntityManagerFactory for persistence unit 'default'
2025-09-01T15:16:54.584+09:00  INFO 6740 --- [Thread-7] com.zaxxer.hikari.HikariDataSource       : HikariPool-1 - Shutdown initiated...
2025-09-01T15:16:54.604+09:00  INFO 6740 --- [Thread-7] com.zaxxer.hikari.HikariDataSource       : HikariPool-1 - Shutdown completed.
2025-09-01T15:16:54.738+09:00  INFO 6740 --- [restartedMain] c.e.health_care.HealthCareApplication    : Starting HealthCareApplication using Java 17.0.5 with PID 6740 (C:\Users\C107\Desktop\youngyangsiljo\jonullist\backend\bin\main started by C107 in C:\Users\C107\Desktop\youngyangsiljo\jonullist\backend)
2025-09-01T15:16:54.739+09:00  INFO 6740 --- [restartedMain] c.e.health_care.HealthCareApplication    : No active profile set, falling back to 1 default profile: "default"
2025-09-01T15:16:55.185+09:00  INFO 6740 --- [restartedMain] .s.d.r.c.RepositoryConfigurationDelegate : Bootstrapping Spring Data JPA repositories in DEFAULT mode.
2025-09-01T15:16:55.204+09:00  INFO 6740 --- [restartedMain] .s.d.r.c.RepositoryConfigurationDelegate : Finished Spring Data repository scanning in 16 ms. Found 1 JPA repository interface.
2025-09-01T15:16:55.373+09:00  INFO 6740 --- [restartedMain] o.s.b.w.embedded.tomcat.TomcatWebServer  : Tomcat initialized with port 8080 (http)
2025-09-01T15:16:55.375+09:00  INFO 6740 --- [restartedMain] o.apache.catalina.core.StandardService   : Starting service [Tomcat]
2025-09-01T15:16:55.375+09:00  INFO 6740 --- [restartedMain] o.apache.catalina.core.StandardEngine    : Starting Servlet engine: [Apache Tomcat/10.1.44]
2025-09-01T15:16:55.410+09:00  INFO 6740 --- [restartedMain] o.a.c.c.C.[Tomcat].[localhost].[/]       : Initializing Spring embedded WebApplicationContext
2025-09-01T15:16:55.411+09:00  INFO 6740 --- [restartedMain] w.s.c.ServletWebServerApplicationContext : Root WebApplicationContext: initialization completed in 659 ms
2025-09-01T15:16:55.477+09:00  INFO 6740 --- [restartedMain] o.hibernate.jpa.internal.util.LogHelper  : HHH000204: Processing PersistenceUnitInfo [name: default]
2025-09-01T15:16:55.484+09:00  INFO 6740 --- [restartedMain] o.h.c.internal.RegionFactoryInitiator    : HHH000026: Second-level cache disabled
2025-09-01T15:16:55.507+09:00  INFO 6740 --- [restartedMain] o.s.o.j.p.SpringPersistenceUnitInfo      : No LoadTimeWeaver setup: ignoring JPA class transformer
2025-09-01T15:16:55.511+09:00  INFO 6740 --- [restartedMain] com.zaxxer.hikari.HikariDataSource       : HikariPool-2 - Starting...
2025-09-01T15:16:55.554+09:00  INFO 6740 --- [restartedMain] com.zaxxer.hikari.pool.HikariPool        : HikariPool-2 - Added connection oracle.jdbc.driver.T4CConnection@11d90144
2025-09-01T15:16:55.555+09:00  INFO 6740 --- [restartedMain] com.zaxxer.hikari.HikariDataSource       : HikariPool-2 - Start completed.
2025-09-01T15:16:55.560+09:00  WARN 6740 --- [restartedMain] org.hibernate.dialect.Dialect            : HHH000511: The 18.0.0 version for [org.hibernate.dialect.OracleDialect] is no longer supported, hence certain features may not work properly. The minimum supported version is 19.0.0. Check the community dialects project for available legacy versions.
2025-09-01T15:16:55.587+09:00  INFO 6740 --- [restartedMain] org.hibernate.orm.connections.pooling    : HHH10001005: Database info:
	Database JDBC URL [Connecting through datasource 'HikariDataSource (HikariPool-2)']
	Database driver: undefined/unknown
	Database version: 18.0
	Autocommit mode: undefined/unknown
	Isolation level: undefined/unknown
	Minimum pool size: undefined/unknown
	Maximum pool size: undefined/unknown
2025-09-01T15:16:55.720+09:00  INFO 6740 --- [restartedMain] o.h.e.t.j.p.i.JtaPlatformInitiator       : HHH000489: No JTA platform available (set 'hibernate.transaction.jta.platform' to enable JTA platform integration)
2025-09-01T15:16:56.343+09:00  INFO 6740 --- [restartedMain] j.LocalContainerEntityManagerFactoryBean : Initialized JPA EntityManagerFactory for persistence unit 'default'
2025-09-01T15:16:56.460+09:00  WARN 6740 --- [restartedMain] .s.s.UserDetailsServiceAutoConfiguration : 

Using generated security password: 946814b1-7dc4-4b99-bb81-eb7dbeda6391

This generated password is for development use only. Your security configuration must be updated before running your application in production.

2025-09-01T15:16:56.462+09:00  INFO 6740 --- [restartedMain] r$InitializeUserDetailsManagerConfigurer : Global AuthenticationManager configured with UserDetailsService bean with name inMemoryUserDetailsManager
2025-09-01T15:16:56.502+09:00 DEBUG 6740 --- [restartedMain] s.w.s.m.m.a.RequestMappingHandlerMapping : 8 mappings in 'requestMappingHandlerMapping'
2025-09-01T15:16:56.554+09:00 DEBUG 6740 --- [restartedMain] o.s.w.s.handler.SimpleUrlHandlerMapping  : Patterns [/webjars/**, /**, /swagger-ui/swagger-ui*/*swagger-initializer.js, /swagger-ui/swagger-ui*/**] in 'resourceHandlerMapping'
2025-09-01T15:16:56.572+09:00 DEBUG 6740 --- [restartedMain] o.s.s.web.DefaultSecurityFilterChain     : Will secure any request with filters: DisableEncodeUrlFilter, WebAsyncManagerIntegrationFilter, SecurityContextHolderFilter, HeaderWriterFilter, CorsFilter, LogoutFilter, RequestCacheAwareFilter, SecurityContextHolderAwareRequestFilter, AnonymousAuthenticationFilter, SessionManagementFilter, ExceptionTranslationFilter, AuthorizationFilter
2025-09-01T15:16:56.602+09:00 DEBUG 6740 --- [restartedMain] s.w.s.m.m.a.RequestMappingHandlerAdapter : ControllerAdvice beans: 0 @ModelAttribute, 0 @InitBinder, 1 RequestBodyAdvice, 1 ResponseBodyAdvice
2025-09-01T15:16:56.613+09:00 DEBUG 6740 --- [restartedMain] .m.m.a.ExceptionHandlerExceptionResolver : ControllerAdvice beans: 1 @ExceptionHandler, 1 ResponseBodyAdvice
2025-09-01T15:16:56.694+09:00  INFO 6740 --- [restartedMain] o.s.b.d.a.OptionalLiveReloadServer       : LiveReload server is running on port 35729
2025-09-01T15:16:56.707+09:00  INFO 6740 --- [restartedMain] o.s.b.w.embedded.tomcat.TomcatWebServer  : Tomcat started on port 8080 (http) with context path '/'
2025-09-01T15:16:56.715+09:00  INFO 6740 --- [restartedMain] c.e.health_care.HealthCareApplication    : Started HealthCareApplication in 2.041 seconds (process running for 529.067)
2025-09-01T15:16:56.719+09:00  INFO 6740 --- [restartedMain] .ConditionEvaluationDeltaLoggingListener : Condition evaluation unchanged
2025-09-01T15:16:58.129+09:00  INFO 6740 --- [File Watcher] rtingClassPathChangeChangedEventListener : Restarting due to 1 class path change (0 additions, 0 deletions, 1 modification)
2025-09-01T15:16:58.134+09:00  INFO 6740 --- [Thread-9] o.s.b.w.e.tomcat.GracefulShutdown        : Commencing graceful shutdown. Waiting for active requests to complete
2025-09-01T15:16:58.202+09:00  INFO 6740 --- [tomcat-shutdown] o.s.b.w.e.tomcat.GracefulShutdown        : Graceful shutdown complete
2025-09-01T15:16:58.205+09:00  INFO 6740 --- [Thread-9] j.LocalContainerEntityManagerFactoryBean : Closing JPA EntityManagerFactory for persistence unit 'default'
2025-09-01T15:16:58.206+09:00  INFO 6740 --- [Thread-9] com.zaxxer.hikari.HikariDataSource       : HikariPool-2 - Shutdown initiated...
2025-09-01T15:16:58.225+09:00  INFO 6740 --- [Thread-9] com.zaxxer.hikari.HikariDataSource       : HikariPool-2 - Shutdown completed.
2025-09-01T15:16:58.324+09:00  INFO 6740 --- [restartedMain] c.e.health_care.HealthCareApplication    : Starting HealthCareApplication using Java 17.0.5 with PID 6740 (C:\Users\C107\Desktop\youngyangsiljo\jonullist\backend\bin\main started by C107 in C:\Users\C107\Desktop\youngyangsiljo\jonullist\backend)
2025-09-01T15:16:58.327+09:00  INFO 6740 --- [restartedMain] c.e.health_care.HealthCareApplication    : No active profile set, falling back to 1 default profile: "default"
2025-09-01T15:16:58.698+09:00  INFO 6740 --- [restartedMain] .s.d.r.c.RepositoryConfigurationDelegate : Bootstrapping Spring Data JPA repositories in DEFAULT mode.
2025-09-01T15:16:58.710+09:00  INFO 6740 --- [restartedMain] .s.d.r.c.RepositoryConfigurationDelegate : Finished Spring Data repository scanning in 10 ms. Found 1 JPA repository interface.
2025-09-01T15:16:58.864+09:00  INFO 6740 --- [restartedMain] o.s.b.w.embedded.tomcat.TomcatWebServer  : Tomcat initialized with port 8080 (http)
2025-09-01T15:16:58.865+09:00  INFO 6740 --- [restartedMain] o.apache.catalina.core.StandardService   : Starting service [Tomcat]
2025-09-01T15:16:58.866+09:00  INFO 6740 --- [restartedMain] o.apache.catalina.core.StandardEngine    : Starting Servlet engine: [Apache Tomcat/10.1.44]
2025-09-01T15:16:58.900+09:00  INFO 6740 --- [restartedMain] o.a.c.c.C.[Tomcat].[localhost].[/]       : Initializing Spring embedded WebApplicationContext
2025-09-01T15:16:58.901+09:00  INFO 6740 --- [restartedMain] w.s.c.ServletWebServerApplicationContext : Root WebApplicationContext: initialization completed in 569 ms
2025-09-01T15:16:58.943+09:00  INFO 6740 --- [restartedMain] o.hibernate.jpa.internal.util.LogHelper  : HHH000204: Processing PersistenceUnitInfo [name: default]
2025-09-01T15:16:58.950+09:00  INFO 6740 --- [restartedMain] o.h.c.internal.RegionFactoryInitiator    : HHH000026: Second-level cache disabled
2025-09-01T15:16:58.967+09:00  INFO 6740 --- [restartedMain] o.s.o.j.p.SpringPersistenceUnitInfo      : No LoadTimeWeaver setup: ignoring JPA class transformer
2025-09-01T15:16:58.970+09:00  INFO 6740 --- [restartedMain] com.zaxxer.hikari.HikariDataSource       : HikariPool-3 - Starting...
2025-09-01T15:16:59.012+09:00  INFO 6740 --- [restartedMain] com.zaxxer.hikari.pool.HikariPool        : HikariPool-3 - Added connection oracle.jdbc.driver.T4CConnection@2410a21
2025-09-01T15:16:59.014+09:00  INFO 6740 --- [restartedMain] com.zaxxer.hikari.HikariDataSource       : HikariPool-3 - Start completed.
2025-09-01T15:16:59.018+09:00  WARN 6740 --- [restartedMain] org.hibernate.dialect.Dialect            : HHH000511: The 18.0.0 version for [org.hibernate.dialect.OracleDialect] is no longer supported, hence certain features may not work properly. The minimum supported version is 19.0.0. Check the community dialects project for available legacy versions.
2025-09-01T15:16:59.047+09:00  INFO 6740 --- [restartedMain] org.hibernate.orm.connections.pooling    : HHH10001005: Database info:
	Database JDBC URL [Connecting through datasource 'HikariDataSource (HikariPool-3)']
	Database driver: undefined/unknown
	Database version: 18.0
	Autocommit mode: undefined/unknown
	Isolation level: undefined/unknown
	Minimum pool size: undefined/unknown
	Maximum pool size: undefined/unknown
2025-09-01T15:16:59.112+09:00  INFO 6740 --- [restartedMain] o.h.e.t.j.p.i.JtaPlatformInitiator       : HHH000489: No JTA platform available (set 'hibernate.transaction.jta.platform' to enable JTA platform integration)
2025-09-01T15:16:59.203+09:00  INFO 6740 --- [restartedMain] j.LocalContainerEntityManagerFactoryBean : Initialized JPA EntityManagerFactory for persistence unit 'default'
2025-09-01T15:16:59.305+09:00  WARN 6740 --- [restartedMain] .s.s.UserDetailsServiceAutoConfiguration : 

Using generated security password: 54407b46-c082-473e-bb2f-9c883ce6efc5

This generated password is for development use only. Your security configuration must be updated before running your application in production.

2025-09-01T15:16:59.309+09:00  INFO 6740 --- [restartedMain] r$InitializeUserDetailsManagerConfigurer : Global AuthenticationManager configured with UserDetailsService bean with name inMemoryUserDetailsManager
2025-09-01T15:16:59.361+09:00 DEBUG 6740 --- [restartedMain] s.w.s.m.m.a.RequestMappingHandlerMapping : 8 mappings in 'requestMappingHandlerMapping'
2025-09-01T15:16:59.393+09:00 DEBUG 6740 --- [restartedMain] o.s.w.s.handler.SimpleUrlHandlerMapping  : Patterns [/webjars/**, /**, /swagger-ui/swagger-ui*/*swagger-initializer.js, /swagger-ui/swagger-ui*/**] in 'resourceHandlerMapping'
2025-09-01T15:16:59.417+09:00 DEBUG 6740 --- [restartedMain] o.s.s.web.DefaultSecurityFilterChain     : Will secure any request with filters: DisableEncodeUrlFilter, WebAsyncManagerIntegrationFilter, SecurityContextHolderFilter, HeaderWriterFilter, CorsFilter, LogoutFilter, RequestCacheAwareFilter, SecurityContextHolderAwareRequestFilter, AnonymousAuthenticationFilter, SessionManagementFilter, ExceptionTranslationFilter, AuthorizationFilter
2025-09-01T15:16:59.438+09:00 DEBUG 6740 --- [restartedMain] s.w.s.m.m.a.RequestMappingHandlerAdapter : ControllerAdvice beans: 0 @ModelAttribute, 0 @InitBinder, 1 RequestBodyAdvice, 1 ResponseBodyAdvice
2025-09-01T15:16:59.447+09:00 DEBUG 6740 --- [restartedMain] .m.m.a.ExceptionHandlerExceptionResolver : ControllerAdvice beans: 1 @ExceptionHandler, 1 ResponseBodyAdvice
2025-09-01T15:16:59.530+09:00  INFO 6740 --- [restartedMain] o.s.b.d.a.OptionalLiveReloadServer       : LiveReload server is running on port 35729
2025-09-01T15:16:59.547+09:00  INFO 6740 --- [restartedMain] o.s.b.w.embedded.tomcat.TomcatWebServer  : Tomcat started on port 8080 (http) with context path '/'
2025-09-01T15:16:59.573+09:00  INFO 6740 --- [restartedMain] c.e.health_care.HealthCareApplication    : Started HealthCareApplication in 1.288 seconds (process running for 531.924)
2025-09-01T15:16:59.580+09:00  INFO 6740 --- [restartedMain] .ConditionEvaluationDeltaLoggingListener : Condition evaluation unchanged
